<?xml version="1.0" encoding="UTF-8"?>
<testng-results ignored="0" total="3" passed="3" failed="0" skipped="0">
  <reporter-output>
  </reporter-output>
  <suite started-at="2025-09-08T15:17:57 IST" name="Default suite" finished-at="2025-09-08T15:19:22 IST" duration-ms="84480">
    <groups>
      <group name="cucumber">
        <method signature="AbstractTestNGCucumberTests.runScenario(io.cucumber.testng.PickleWrapper,io.cucumber.testng.FeatureWrapper)[pri:0, instance:TestRunner.TestRunner@489115ef]" name="runScenario" class="io.cucumber.testng.AbstractTestNGCucumberTests"/>
      </group> <!-- cucumber -->
    </groups>
    <test started-at="2025-09-08T15:17:57 IST" name="Default test" finished-at="2025-09-08T15:19:22 IST" duration-ms="84480">
      <class name="TestRunner.TestRunner">
        <test-method is-config="true" signature="setUpClass(org.testng.ITestContext)[pri:0, instance:TestRunner.TestRunner@489115ef]" started-at="2025-09-08T15:17:57 IST" name="setUpClass" finished-at="2025-09-08T15:17:59 IST" duration-ms="1184" status="PASS">
          <params>
            <param index="0">
              <value>
                <![CDATA[org.testng.TestRunner@6fbf5db2]]>
              </value>
            </param>
          </params>
          <reporter-output>
          </reporter-output>
        </test-method> <!-- setUpClass -->
        <test-method signature="runScenario(io.cucumber.testng.PickleWrapper,io.cucumber.testng.FeatureWrapper)[pri:0, instance:TestRunner.TestRunner@489115ef]" started-at="2025-09-08T15:17:59 IST" name="runScenario" description="Runs Cucumber Scenarios" data-provider="scenarios" finished-at="2025-09-08T15:18:49 IST" duration-ms="50021" status="PASS">
          <params>
            <param index="0">
              <value>
                <![CDATA["Search hyderabad hotels and apply filters with sorting"]]>
              </value>
            </param>
            <param index="1">
              <value>
                <![CDATA["Booking.com – Happy path flows"]]>
              </value>
            </param>
          </params>
          <reporter-output>
          </reporter-output>
        </test-method> <!-- runScenario -->
        <test-method signature="runScenario(io.cucumber.testng.PickleWrapper,io.cucumber.testng.FeatureWrapper)[pri:0, instance:TestRunner.TestRunner@489115ef]" started-at="2025-09-08T15:18:49 IST" name="runScenario" description="Runs Cucumber Scenarios" data-provider="scenarios" finished-at="2025-09-08T15:19:08 IST" duration-ms="19780" status="PASS">
          <params>
            <param index="0">
              <value>
                <![CDATA["Open a specific hotel and choose room quantity"]]>
              </value>
            </param>
            <param index="1">
              <value>
                <![CDATA["Booking.com – Happy path flows"]]>
              </value>
            </param>
          </params>
          <reporter-output>
          </reporter-output>
        </test-method> <!-- runScenario -->
        <test-method signature="runScenario(io.cucumber.testng.PickleWrapper,io.cucumber.testng.FeatureWrapper)[pri:0, instance:TestRunner.TestRunner@489115ef]" started-at="2025-09-08T15:19:08 IST" name="runScenario" description="Runs Cucumber Scenarios" data-provider="scenarios" finished-at="2025-09-08T15:19:21 IST" duration-ms="12751" status="PASS">
          <params>
            <param index="0">
              <value>
                <![CDATA["Enter guest details and proceed with booking"]]>
              </value>
            </param>
            <param index="1">
              <value>
                <![CDATA["Booking.com – Happy path flows"]]>
              </value>
            </param>
          </params>
          <reporter-output>
          </reporter-output>
        </test-method> <!-- runScenario -->
        <test-method is-config="true" signature="tearDownClass()[pri:0, instance:TestRunner.TestRunner@489115ef]" started-at="2025-09-08T15:19:21 IST" name="tearDownClass" finished-at="2025-09-08T15:19:22 IST" duration-ms="664" status="PASS">
          <reporter-output>
          </reporter-output>
        </test-method> <!-- tearDownClass -->
      </class> <!-- TestRunner.TestRunner -->
    </test> <!-- Default test -->
  </suite> <!-- Default suite -->
</testng-results>
